[INFO] Scanning for projects...
[WARNING] 
[WARNING] Some problems were encountered while building the effective model for com.demo:web-spark:jar:1.0-SNAPSHOT
[WARNING] 'build.plugins.plugin.version' for org.apache.maven.plugins:maven-compiler-plugin is missing. @ line 137, column 21
[WARNING] 'build.plugins.plugin.version' for org.apache.maven.plugins:maven-jar-plugin is missing. @ line 147, column 21
[WARNING] 'build.plugins.plugin.version' for org.springframework.boot:spring-boot-maven-plugin is missing. @ line 132, column 21
[WARNING] 
[WARNING] It is highly recommended to fix these problems because they threaten the stability of your build.
[WARNING] 
[WARNING] For this reason, future Maven versions might no longer support building such malformed projects.
[WARNING] 
[INFO]                                                                         
[INFO] ------------------------------------------------------------------------
[INFO] Building web-spark 1.0-SNAPSHOT
[INFO] ------------------------------------------------------------------------
Downloading: https://repo.maven.apache.org/maven2/org/slf4j/slf4j-nop/1.7.2/slf4j-nop-1.7.2.pom
Downloaded: https://repo.maven.apache.org/maven2/org/slf4j/slf4j-nop/1.7.2/slf4j-nop-1.7.2.pom (0 B at 0.0 KB/sec)
Downloading: https://repo.maven.apache.org/maven2/org/jboss/logging/jboss-logging/3.2.1.Final/jboss-logging-3.2.1.Final.pom
Downloaded: https://repo.maven.apache.org/maven2/org/jboss/logging/jboss-logging/3.2.1.Final/jboss-logging-3.2.1.Final.pom (0 B at 0.0 KB/sec)
Downloading: https://repo.maven.apache.org/maven2/com/fasterxml/classmate/1.1.0/classmate-1.1.0.pom
Downloaded: https://repo.maven.apache.org/maven2/com/fasterxml/classmate/1.1.0/classmate-1.1.0.pom (0 B at 0.0 KB/sec)
Downloading: https://repo.maven.apache.org/maven2/com/fasterxml/jackson/module/jackson-module-scala_2.11/2.9.5/jackson-module-scala_2.11-2.9.5.pom
Downloaded: https://repo.maven.apache.org/maven2/com/fasterxml/jackson/module/jackson-module-scala_2.11/2.9.5/jackson-module-scala_2.11-2.9.5.pom (0 B at 0.0 KB/sec)
Downloading: https://repo.maven.apache.org/maven2/org/scala-lang/scala-reflect/2.11.11/scala-reflect-2.11.11.pom
Downloaded: https://repo.maven.apache.org/maven2/org/scala-lang/scala-reflect/2.11.11/scala-reflect-2.11.11.pom (0 B at 0.0 KB/sec)
Downloading: https://repo.maven.apache.org/maven2/com/fasterxml/jackson/core/jackson-annotations/2.9.5/jackson-annotations-2.9.5.pom
Downloaded: https://repo.maven.apache.org/maven2/com/fasterxml/jackson/core/jackson-annotations/2.9.5/jackson-annotations-2.9.5.pom (0 B at 0.0 KB/sec)
Downloading: https://repo.maven.apache.org/maven2/com/fasterxml/jackson/module/jackson-module-paranamer/2.9.5/jackson-module-paranamer-2.9.5.pom
Downloaded: https://repo.maven.apache.org/maven2/com/fasterxml/jackson/module/jackson-module-paranamer/2.9.5/jackson-module-paranamer-2.9.5.pom (0 B at 0.0 KB/sec)
Downloading: https://repo.maven.apache.org/maven2/com/fasterxml/jackson/module/jackson-modules-base/2.9.5/jackson-modules-base-2.9.5.pom
Downloaded: https://repo.maven.apache.org/maven2/com/fasterxml/jackson/module/jackson-modules-base/2.9.5/jackson-modules-base-2.9.5.pom (0 B at 0.0 KB/sec)
Downloading: https://repo.maven.apache.org/maven2/org/projectlombok/lombok/1.18.8/lombok-1.18.8.pom
Downloaded: https://repo.maven.apache.org/maven2/org/projectlombok/lombok/1.18.8/lombok-1.18.8.pom (0 B at 0.0 KB/sec)
Downloading: https://repo.maven.apache.org/maven2/org/slf4j/slf4j-nop/1.7.2/slf4j-nop-1.7.2.jar
Downloading: https://repo.maven.apache.org/maven2/org/jboss/logging/jboss-logging/3.2.1.Final/jboss-logging-3.2.1.Final.jar
Downloading: https://repo.maven.apache.org/maven2/com/fasterxml/classmate/1.1.0/classmate-1.1.0.jar
Downloading: https://repo.maven.apache.org/maven2/com/fasterxml/jackson/module/jackson-module-scala_2.11/2.9.5/jackson-module-scala_2.11-2.9.5.jar
Downloading: https://repo.maven.apache.org/maven2/org/scala-lang/scala-reflect/2.11.11/scala-reflect-2.11.11.jar
Downloaded: https://repo.maven.apache.org/maven2/org/slf4j/slf4j-nop/1.7.2/slf4j-nop-1.7.2.jar (0 B at 0.0 KB/sec)
Downloading: https://repo.maven.apache.org/maven2/com/fasterxml/jackson/core/jackson-annotations/2.9.5/jackson-annotations-2.9.5.jar
Downloaded: https://repo.maven.apache.org/maven2/com/fasterxml/jackson/core/jackson-annotations/2.9.5/jackson-annotations-2.9.5.jar (0 B at 0.0 KB/sec)
Downloading: https://repo.maven.apache.org/maven2/com/fasterxml/jackson/module/jackson-module-paranamer/2.9.5/jackson-module-paranamer-2.9.5.jar
Downloaded: https://repo.maven.apache.org/maven2/org/jboss/logging/jboss-logging/3.2.1.Final/jboss-logging-3.2.1.Final.jar (0 B at 0.0 KB/sec)
Downloading: https://repo.maven.apache.org/maven2/org/projectlombok/lombok/1.18.8/lombok-1.18.8.jar
Downloaded: https://repo.maven.apache.org/maven2/org/scala-lang/scala-reflect/2.11.11/scala-reflect-2.11.11.jar (0 B at 0.0 KB/sec)
Downloaded: https://repo.maven.apache.org/maven2/com/fasterxml/classmate/1.1.0/classmate-1.1.0.jar (0 B at 0.0 KB/sec)
Downloaded: https://repo.maven.apache.org/maven2/com/fasterxml/jackson/module/jackson-module-scala_2.11/2.9.5/jackson-module-scala_2.11-2.9.5.jar (0 B at 0.0 KB/sec)
Downloaded: https://repo.maven.apache.org/maven2/org/projectlombok/lombok/1.18.8/lombok-1.18.8.jar (0 B at 0.0 KB/sec)
Downloaded: https://repo.maven.apache.org/maven2/com/fasterxml/jackson/module/jackson-module-paranamer/2.9.5/jackson-module-paranamer-2.9.5.jar (0 B at 0.0 KB/sec)
[INFO] 
[INFO] --- maven-dependency-plugin:2.8:tree (default-cli) @ web-spark ---
[INFO] com.demo:web-spark:jar:1.0-SNAPSHOT
[INFO] +- org.springframework.boot:spring-boot-starter-web:jar:2.0.2.RELEASE:compile
[INFO] |  +- org.springframework.boot:spring-boot-starter:jar:2.0.2.RELEASE:compile
[INFO] |  |  +- (org.springframework.boot:spring-boot:jar:2.0.2.RELEASE:compile - omitted for duplicate)
[INFO] |  |  +- (org.springframework.boot:spring-boot-autoconfigure:jar:2.0.2.RELEASE:compile - omitted for duplicate)
[INFO] |  |  +- org.springframework.boot:spring-boot-starter-logging:jar:2.0.2.RELEASE:compile
[INFO] |  |  |  +- org.apache.logging.log4j:log4j-to-slf4j:jar:2.10.0:compile
[INFO] |  |  |  |  +- (org.slf4j:slf4j-api:jar:1.7.25:compile - omitted for conflict with 1.7.2)
[INFO] |  |  |  |  \- org.apache.logging.log4j:log4j-api:jar:2.10.0:compile
[INFO] |  |  |  \- (org.slf4j:jul-to-slf4j:jar:1.7.25:compile - omitted for conflict with 1.7.16)
[INFO] |  |  +- javax.annotation:javax.annotation-api:jar:1.3.2:compile
[INFO] |  |  +- org.springframework:spring-core:jar:5.0.6.RELEASE:compile
[INFO] |  |  |  \- org.springframework:spring-jcl:jar:5.0.6.RELEASE:compile
[INFO] |  |  \- org.yaml:snakeyaml:jar:1.19:runtime
[INFO] |  +- org.springframework.boot:spring-boot-starter-json:jar:2.0.2.RELEASE:compile
[INFO] |  |  +- (org.springframework.boot:spring-boot-starter:jar:2.0.2.RELEASE:compile - omitted for duplicate)
[INFO] |  |  +- (org.springframework:spring-web:jar:5.0.6.RELEASE:compile - omitted for duplicate)
[INFO] |  |  +- (com.fasterxml.jackson.core:jackson-databind:jar:2.9.5:compile - omitted for duplicate)
[INFO] |  |  +- com.fasterxml.jackson.datatype:jackson-datatype-jdk8:jar:2.9.5:compile
[INFO] |  |  |  +- (com.fasterxml.jackson.core:jackson-core:jar:2.9.5:compile - omitted for duplicate)
[INFO] |  |  |  \- (com.fasterxml.jackson.core:jackson-databind:jar:2.9.5:compile - omitted for duplicate)
[INFO] |  |  +- com.fasterxml.jackson.datatype:jackson-datatype-jsr310:jar:2.9.5:compile
[INFO] |  |  |  +- (com.fasterxml.jackson.core:jackson-annotations:jar:2.9.0:compile - omitted for duplicate)
[INFO] |  |  |  +- (com.fasterxml.jackson.core:jackson-core:jar:2.9.5:compile - omitted for duplicate)
[INFO] |  |  |  \- (com.fasterxml.jackson.core:jackson-databind:jar:2.9.5:compile - omitted for duplicate)
[INFO] |  |  \- com.fasterxml.jackson.module:jackson-module-parameter-names:jar:2.9.5:compile
[INFO] |  |     +- (com.fasterxml.jackson.core:jackson-core:jar:2.9.5:compile - omitted for duplicate)
[INFO] |  |     \- (com.fasterxml.jackson.core:jackson-databind:jar:2.9.5:compile - omitted for duplicate)
[INFO] |  +- org.springframework.boot:spring-boot-starter-tomcat:jar:2.0.2.RELEASE:compile
[INFO] |  |  +- (javax.annotation:javax.annotation-api:jar:1.3.2:compile - omitted for duplicate)
[INFO] |  |  +- org.apache.tomcat.embed:tomcat-embed-core:jar:8.5.31:compile
[INFO] |  |  +- org.apache.tomcat.embed:tomcat-embed-el:jar:8.5.31:compile
[INFO] |  |  \- org.apache.tomcat.embed:tomcat-embed-websocket:jar:8.5.31:compile
[INFO] |  |     \- (org.apache.tomcat.embed:tomcat-embed-core:jar:8.5.31:compile - omitted for duplicate)
[INFO] |  +- org.springframework:spring-web:jar:5.0.6.RELEASE:compile
[INFO] |  |  +- org.springframework:spring-beans:jar:5.0.6.RELEASE:compile
[INFO] |  |  |  \- (org.springframework:spring-core:jar:5.0.6.RELEASE:compile - omitted for duplicate)
[INFO] |  |  \- (org.springframework:spring-core:jar:5.0.6.RELEASE:compile - omitted for duplicate)
[INFO] |  \- org.springframework:spring-webmvc:jar:5.0.6.RELEASE:compile
[INFO] |     +- org.springframework:spring-aop:jar:5.0.6.RELEASE:compile
[INFO] |     |  +- (org.springframework:spring-beans:jar:5.0.6.RELEASE:compile - omitted for duplicate)
[INFO] |     |  \- (org.springframework:spring-core:jar:5.0.6.RELEASE:compile - omitted for duplicate)
[INFO] |     +- (org.springframework:spring-beans:jar:5.0.6.RELEASE:compile - omitted for duplicate)
[INFO] |     +- org.springframework:spring-context:jar:5.0.6.RELEASE:compile
[INFO] |     |  +- (org.springframework:spring-aop:jar:5.0.6.RELEASE:compile - omitted for duplicate)
[INFO] |     |  +- (org.springframework:spring-beans:jar:5.0.6.RELEASE:compile - omitted for duplicate)
[INFO] |     |  +- (org.springframework:spring-core:jar:5.0.6.RELEASE:compile - omitted for duplicate)
[INFO] |     |  \- (org.springframework:spring-expression:jar:5.0.6.RELEASE:compile - omitted for duplicate)
[INFO] |     +- (org.springframework:spring-core:jar:5.0.6.RELEASE:compile - omitted for duplicate)
[INFO] |     +- org.springframework:spring-expression:jar:5.0.6.RELEASE:compile
[INFO] |     |  \- (org.springframework:spring-core:jar:5.0.6.RELEASE:compile - omitted for duplicate)
[INFO] |     \- (org.springframework:spring-web:jar:5.0.6.RELEASE:compile - omitted for duplicate)
[INFO] +- org.springframework.boot:spring-boot-autoconfigure:jar:2.0.2.RELEASE:compile
[INFO] |  \- org.springframework.boot:spring-boot:jar:2.0.2.RELEASE:compile
[INFO] |     +- (org.springframework:spring-core:jar:5.0.6.RELEASE:compile - omitted for duplicate)
[INFO] |     \- (org.springframework:spring-context:jar:5.0.6.RELEASE:compile - omitted for duplicate)
[INFO] +- org.springframework.boot:spring-boot-starter-test:jar:2.0.2.RELEASE:test
[INFO] |  +- (org.springframework.boot:spring-boot-starter:jar:2.0.2.RELEASE:test - omitted for duplicate)
[INFO] |  +- org.springframework.boot:spring-boot-test:jar:2.0.2.RELEASE:test
[INFO] |  |  \- (org.springframework.boot:spring-boot:jar:2.0.2.RELEASE:test - omitted for duplicate)
[INFO] |  +- org.springframework.boot:spring-boot-test-autoconfigure:jar:2.0.2.RELEASE:test
[INFO] |  |  +- (org.springframework.boot:spring-boot-test:jar:2.0.2.RELEASE:test - omitted for duplicate)
[INFO] |  |  \- (org.springframework.boot:spring-boot-autoconfigure:jar:2.0.2.RELEASE:test - omitted for duplicate)
[INFO] |  +- com.jayway.jsonpath:json-path:jar:2.4.0:test
[INFO] |  |  +- net.minidev:json-smart:jar:2.3:test
[INFO] |  |  |  \- net.minidev:accessors-smart:jar:1.2:test
[INFO] |  |  |     \- org.ow2.asm:asm:jar:5.0.4:test
[INFO] |  |  \- (org.slf4j:slf4j-api:jar:1.7.25:compile - scope updated from test; omitted for duplicate)
[INFO] |  +- junit:junit:jar:4.12:test
[INFO] |  |  \- (org.hamcrest:hamcrest-core:jar:1.3:test - omitted for duplicate)
[INFO] |  +- org.assertj:assertj-core:jar:3.9.1:test
[INFO] |  +- org.mockito:mockito-core:jar:2.15.0:test
[INFO] |  |  +- net.bytebuddy:byte-buddy:jar:1.7.9:test
[INFO] |  |  +- net.bytebuddy:byte-buddy-agent:jar:1.7.9:test
[INFO] |  |  \- (org.objenesis:objenesis:jar:2.6:compile - scope updated from test; omitted for duplicate)
[INFO] |  +- org.hamcrest:hamcrest-core:jar:1.3:test
[INFO] |  +- org.hamcrest:hamcrest-library:jar:1.3:test
[INFO] |  |  \- (org.hamcrest:hamcrest-core:jar:1.3:test - omitted for duplicate)
[INFO] |  +- org.skyscreamer:jsonassert:jar:1.5.0:test
[INFO] |  |  \- com.vaadin.external.google:android-json:jar:0.0.20131108.vaadin1:test
[INFO] |  +- (org.springframework:spring-core:jar:5.0.6.RELEASE:compile - scope updated from test; omitted for duplicate)
[INFO] |  +- org.springframework:spring-test:jar:5.0.6.RELEASE:test
[INFO] |  |  \- (org.springframework:spring-core:jar:5.0.6.RELEASE:test - omitted for duplicate)
[INFO] |  \- org.xmlunit:xmlunit-core:jar:2.5.1:test
[INFO] +- org.slf4j:slf4j-nop:jar:1.7.2:compile
[INFO] |  \- org.slf4j:slf4j-api:jar:1.7.2:compile
[INFO] +- javax.validation:validation-api:jar:1.1.0.Final:compile
[INFO] +- org.hibernate:hibernate-validator:jar:5.2.4.Final:compile
[INFO] |  +- (javax.validation:validation-api:jar:1.1.0.Final:compile - omitted for duplicate)
[INFO] |  +- org.jboss.logging:jboss-logging:jar:3.2.1.Final:compile
[INFO] |  \- com.fasterxml:classmate:jar:1.1.0:compile
[INFO] +- org.scala-lang:scala-library:jar:2.11.8:compile
[INFO] +- mysql:mysql-connector-java:jar:5.1.46:compile
[INFO] +- org.apache.spark:spark-core_2.11:jar:2.2.0:compile
[INFO] |  +- org.apache.avro:avro:jar:1.7.7:compile
[INFO] |  |  +- org.codehaus.jackson:jackson-core-asl:jar:1.9.13:compile
[INFO] |  |  +- org.codehaus.jackson:jackson-mapper-asl:jar:1.9.13:compile
[INFO] |  |  |  \- (org.codehaus.jackson:jackson-core-asl:jar:1.9.13:compile - omitted for duplicate)
[INFO] |  |  +- com.thoughtworks.paranamer:paranamer:jar:2.3:compile
[INFO] |  |  +- (org.xerial.snappy:snappy-java:jar:1.0.5:compile - omitted for conflict with 1.1.2.6)
[INFO] |  |  +- org.apache.commons:commons-compress:jar:1.4.1:compile
[INFO] |  |  |  \- org.tukaani:xz:jar:1.0:compile
[INFO] |  |  \- (org.slf4j:slf4j-api:jar:1.6.4:compile - omitted for conflict with 1.7.2)
[INFO] |  +- org.apache.avro:avro-mapred:jar:hadoop2:1.7.7:compile
[INFO] |  |  +- org.apache.avro:avro-ipc:jar:1.7.7:compile
[INFO] |  |  |  +- (org.apache.avro:avro:jar:1.7.7:compile - omitted for duplicate)
[INFO] |  |  |  +- (org.codehaus.jackson:jackson-core-asl:jar:1.9.13:compile - omitted for duplicate)
[INFO] |  |  |  +- (org.codehaus.jackson:jackson-mapper-asl:jar:1.9.13:compile - omitted for duplicate)
[INFO] |  |  |  \- (org.slf4j:slf4j-api:jar:1.6.4:compile - omitted for conflict with 1.7.2)
[INFO] |  |  +- org.apache.avro:avro-ipc:jar:tests:1.7.7:compile
[INFO] |  |  |  +- (org.apache.avro:avro:jar:1.7.7:compile - omitted for duplicate)
[INFO] |  |  |  +- (org.codehaus.jackson:jackson-core-asl:jar:1.9.13:compile - omitted for duplicate)
[INFO] |  |  |  +- (org.codehaus.jackson:jackson-mapper-asl:jar:1.9.13:compile - omitted for duplicate)
[INFO] |  |  |  \- (org.slf4j:slf4j-api:jar:1.6.4:compile - omitted for conflict with 1.7.2)
[INFO] |  |  +- (org.codehaus.jackson:jackson-core-asl:jar:1.9.13:compile - omitted for duplicate)
[INFO] |  |  +- (org.codehaus.jackson:jackson-mapper-asl:jar:1.9.13:compile - omitted for duplicate)
[INFO] |  |  \- (org.slf4j:slf4j-api:jar:1.6.4:compile - omitted for conflict with 1.7.2)
[INFO] |  +- com.twitter:chill_2.11:jar:0.8.0:compile
[INFO] |  |  +- (org.scala-lang:scala-library:jar:2.11.7:compile - omitted for conflict with 2.11.8)
[INFO] |  |  +- (com.twitter:chill-java:jar:0.8.0:compile - omitted for duplicate)
[INFO] |  |  \- com.esotericsoftware:kryo-shaded:jar:3.0.3:compile
[INFO] |  |     +- com.esotericsoftware:minlog:jar:1.3.0:compile
[INFO] |  |     \- org.objenesis:objenesis:jar:2.1:compile
[INFO] |  +- com.twitter:chill-java:jar:0.8.0:compile
[INFO] |  |  \- (com.esotericsoftware:kryo-shaded:jar:3.0.3:compile - omitted for duplicate)
[INFO] |  +- org.apache.xbean:xbean-asm5-shaded:jar:4.4:compile
[INFO] |  +- org.apache.hadoop:hadoop-client:jar:2.6.5:compile
[INFO] |  |  +- org.apache.hadoop:hadoop-common:jar:2.6.5:compile
[INFO] |  |  |  +- (org.apache.hadoop:hadoop-annotations:jar:2.6.5:compile - omitted for duplicate)
[INFO] |  |  |  +- (com.google.guava:guava:jar:11.0.2:compile - omitted for conflict with 16.0.1)
[INFO] |  |  |  +- commons-cli:commons-cli:jar:1.2:compile
[INFO] |  |  |  +- (org.apache.commons:commons-math3:jar:3.1.1:compile - omitted for conflict with 3.4.1)
[INFO] |  |  |  +- xmlenc:xmlenc:jar:0.52:compile
[INFO] |  |  |  +- commons-httpclient:commons-httpclient:jar:3.1:compile
[INFO] |  |  |  |  \- (commons-codec:commons-codec:jar:1.2:compile - omitted for conflict with 1.4)
[INFO] |  |  |  +- (commons-codec:commons-codec:jar:1.4:compile - omitted for conflict with 1.8)
[INFO] |  |  |  +- commons-io:commons-io:jar:2.4:compile
[INFO] |  |  |  +- (commons-net:commons-net:jar:3.1:compile - omitted for conflict with 2.2)
[INFO] |  |  |  +- commons-collections:commons-collections:jar:3.2.2:compile
[INFO] |  |  |  +- (log4j:log4j:jar:1.2.17:compile - omitted for duplicate)
[INFO] |  |  |  +- commons-lang:commons-lang:jar:2.6:compile
[INFO] |  |  |  +- commons-configuration:commons-configuration:jar:1.6:compile
[INFO] |  |  |  |  +- (commons-collections:commons-collections:jar:3.2.1:compile - omitted for conflict with 3.2.2)
[INFO] |  |  |  |  +- (commons-lang:commons-lang:jar:2.4:compile - omitted for conflict with 2.6)
[INFO] |  |  |  |  +- commons-digester:commons-digester:jar:1.8:compile
[INFO] |  |  |  |  |  \- commons-beanutils:commons-beanutils:jar:1.7.0:compile
[INFO] |  |  |  |  \- commons-beanutils:commons-beanutils-core:jar:1.8.0:compile
[INFO] |  |  |  +- (org.slf4j:slf4j-api:jar:1.7.5:compile - omitted for conflict with 1.7.2)
[INFO] |  |  |  +- (org.codehaus.jackson:jackson-core-asl:jar:1.9.13:compile - omitted for duplicate)
[INFO] |  |  |  +- (org.apache.avro:avro:jar:1.7.4:compile - omitted for conflict with 1.7.7)
[INFO] |  |  |  +- com.google.protobuf:protobuf-java:jar:2.5.0:compile
[INFO] |  |  |  +- org.apache.hadoop:hadoop-auth:jar:2.6.5:compile
[INFO] |  |  |  |  +- (org.slf4j:slf4j-api:jar:1.7.5:compile - omitted for conflict with 1.7.2)
[INFO] |  |  |  |  +- (commons-codec:commons-codec:jar:1.4:compile - omitted for duplicate)
[INFO] |  |  |  |  +- (log4j:log4j:jar:1.2.17:runtime - omitted for duplicate)
[INFO] |  |  |  |  +- (org.apache.httpcomponents:httpclient:jar:4.2.5:compile - omitted for conflict with 4.3.6)
[INFO] |  |  |  |  +- org.apache.directory.server:apacheds-kerberos-codec:jar:2.0.0-M15:compile
[INFO] |  |  |  |  |  +- org.apache.directory.server:apacheds-i18n:jar:2.0.0-M15:compile
[INFO] |  |  |  |  |  |  \- (org.slf4j:slf4j-api:jar:1.7.5:compile - omitted for conflict with 1.7.2)
[INFO] |  |  |  |  |  +- org.apache.directory.api:api-asn1-api:jar:1.0.0-M20:compile
[INFO] |  |  |  |  |  |  \- (org.slf4j:slf4j-api:jar:1.7.5:compile - omitted for conflict with 1.7.2)
[INFO] |  |  |  |  |  +- org.apache.directory.api:api-util:jar:1.0.0-M20:compile
[INFO] |  |  |  |  |  |  \- (org.slf4j:slf4j-api:jar:1.7.5:compile - omitted for conflict with 1.7.2)
[INFO] |  |  |  |  |  \- (org.slf4j:slf4j-api:jar:1.7.5:compile - omitted for conflict with 1.7.2)
[INFO] |  |  |  |  +- (org.apache.zookeeper:zookeeper:jar:3.4.6:compile - omitted for duplicate)
[INFO] |  |  |  |  \- (org.apache.curator:curator-framework:jar:2.6.0:compile - omitted for duplicate)
[INFO] |  |  |  +- org.apache.curator:curator-client:jar:2.6.0:compile
[INFO] |  |  |  |  +- (org.slf4j:slf4j-api:jar:1.7.6:compile - omitted for conflict with 1.7.2)
[INFO] |  |  |  |  +- (org.apache.zookeeper:zookeeper:jar:3.4.6:compile - omitted for duplicate)
[INFO] |  |  |  |  \- (com.google.guava:guava:jar:16.0.1:compile - omitted for conflict with 11.0.2)
[INFO] |  |  |  +- (org.apache.curator:curator-recipes:jar:2.6.0:compile - omitted for duplicate)
[INFO] |  |  |  +- (com.google.code.findbugs:jsr305:jar:1.3.9:compile - omitted for duplicate)
[INFO] |  |  |  +- org.htrace:htrace-core:jar:3.0.4:compile
[INFO] |  |  |  |  \- (com.google.guava:guava:jar:12.0.1:compile - omitted for conflict with 11.0.2)
[INFO] |  |  |  +- (org.apache.zookeeper:zookeeper:jar:3.4.6:compile - omitted for duplicate)
[INFO] |  |  |  \- (org.apache.commons:commons-compress:jar:1.4.1:compile - omitted for duplicate)
[INFO] |  |  +- org.apache.hadoop:hadoop-hdfs:jar:2.6.5:compile
[INFO] |  |  |  +- (com.google.guava:guava:jar:11.0.2:compile - omitted for duplicate)
[INFO] |  |  |  +- org.mortbay.jetty:jetty-util:jar:6.1.26:compile
[INFO] |  |  |  +- (commons-cli:commons-cli:jar:1.2:compile - omitted for duplicate)
[INFO] |  |  |  +- (commons-codec:commons-codec:jar:1.4:compile - omitted for duplicate)
[INFO] |  |  |  +- (commons-io:commons-io:jar:2.4:compile - omitted for duplicate)
[INFO] |  |  |  +- (commons-lang:commons-lang:jar:2.6:compile - omitted for duplicate)
[INFO] |  |  |  +- (log4j:log4j:jar:1.2.17:compile - omitted for duplicate)
[INFO] |  |  |  +- (com.google.protobuf:protobuf-java:jar:2.5.0:compile - omitted for duplicate)
[INFO] |  |  |  +- (org.codehaus.jackson:jackson-core-asl:jar:1.9.13:compile - omitted for duplicate)
[INFO] |  |  |  +- (xmlenc:xmlenc:jar:0.52:compile - omitted for duplicate)
[INFO] |  |  |  +- (io.netty:netty:jar:3.6.2.Final:compile - omitted for conflict with 3.9.9.Final)
[INFO] |  |  |  +- xerces:xercesImpl:jar:2.9.1:compile
[INFO] |  |  |  |  \- xml-apis:xml-apis:jar:1.3.04:compile
[INFO] |  |  |  \- (org.htrace:htrace-core:jar:3.0.4:compile - omitted for duplicate)
[INFO] |  |  +- org.apache.hadoop:hadoop-mapreduce-client-app:jar:2.6.5:compile
[INFO] |  |  |  +- org.apache.hadoop:hadoop-mapreduce-client-common:jar:2.6.5:compile
[INFO] |  |  |  |  +- (org.apache.hadoop:hadoop-yarn-common:jar:2.6.5:compile - omitted for duplicate)
[INFO] |  |  |  |  +- org.apache.hadoop:hadoop-yarn-client:jar:2.6.5:compile
[INFO] |  |  |  |  |  +- (com.google.guava:guava:jar:11.0.2:compile - omitted for duplicate)
[INFO] |  |  |  |  |  +- (commons-lang:commons-lang:jar:2.6:compile - omitted for duplicate)
[INFO] |  |  |  |  |  +- (commons-cli:commons-cli:jar:1.2:compile - omitted for duplicate)
[INFO] |  |  |  |  |  +- (log4j:log4j:jar:1.2.17:compile - omitted for duplicate)
[INFO] |  |  |  |  |  +- (org.apache.hadoop:hadoop-yarn-api:jar:2.6.5:compile - omitted for duplicate)
[INFO] |  |  |  |  |  \- (org.apache.hadoop:hadoop-yarn-common:jar:2.6.5:compile - omitted for duplicate)
[INFO] |  |  |  |  +- (org.apache.hadoop:hadoop-mapreduce-client-core:jar:2.6.5:compile - omitted for duplicate)
[INFO] |  |  |  |  +- org.apache.hadoop:hadoop-yarn-server-common:jar:2.6.5:compile
[INFO] |  |  |  |  |  +- (org.apache.hadoop:hadoop-yarn-api:jar:2.6.5:compile - omitted for duplicate)
[INFO] |  |  |  |  |  +- (org.apache.hadoop:hadoop-yarn-common:jar:2.6.5:compile - omitted for duplicate)
[INFO] |  |  |  |  |  +- (com.google.guava:guava:jar:11.0.2:compile - omitted for duplicate)
[INFO] |  |  |  |  |  +- (com.google.protobuf:protobuf-java:jar:2.5.0:compile - omitted for duplicate)
[INFO] |  |  |  |  |  +- (org.apache.zookeeper:zookeeper:jar:3.4.6:compile - omitted for duplicate)
[INFO] |  |  |  |  |  \- (org.fusesource.leveldbjni:leveldbjni-all:jar:1.8:compile - omitted for duplicate)
[INFO] |  |  |  |  +- (com.google.protobuf:protobuf-java:jar:2.5.0:compile - omitted for duplicate)
[INFO] |  |  |  |  \- (org.slf4j:slf4j-api:jar:1.7.5:compile - omitted for conflict with 1.7.2)
[INFO] |  |  |  +- org.apache.hadoop:hadoop-mapreduce-client-shuffle:jar:2.6.5:compile
[INFO] |  |  |  |  +- (org.apache.hadoop:hadoop-yarn-server-common:jar:2.6.5:compile - omitted for duplicate)
[INFO] |  |  |  |  +- (org.apache.hadoop:hadoop-mapreduce-client-common:jar:2.6.5:compile - omitted for duplicate)
[INFO] |  |  |  |  +- (org.fusesource.leveldbjni:leveldbjni-all:jar:1.8:compile - omitted for duplicate)
[INFO] |  |  |  |  +- (com.google.protobuf:protobuf-java:jar:2.5.0:compile - omitted for duplicate)
[INFO] |  |  |  |  \- (org.slf4j:slf4j-api:jar:1.7.5:compile - omitted for conflict with 1.7.2)
[INFO] |  |  |  +- (com.google.protobuf:protobuf-java:jar:2.5.0:compile - omitted for duplicate)
[INFO] |  |  |  \- (org.slf4j:slf4j-api:jar:1.7.5:compile - omitted for conflict with 1.7.2)
[INFO] |  |  +- org.apache.hadoop:hadoop-yarn-api:jar:2.6.5:compile
[INFO] |  |  |  +- (commons-lang:commons-lang:jar:2.6:compile - omitted for duplicate)
[INFO] |  |  |  +- (com.google.guava:guava:jar:11.0.2:compile - omitted for duplicate)
[INFO] |  |  |  \- (com.google.protobuf:protobuf-java:jar:2.5.0:compile - omitted for duplicate)
[INFO] |  |  +- org.apache.hadoop:hadoop-mapreduce-client-core:jar:2.6.5:compile
[INFO] |  |  |  +- org.apache.hadoop:hadoop-yarn-common:jar:2.6.5:compile
[INFO] |  |  |  |  +- (org.apache.hadoop:hadoop-yarn-api:jar:2.6.5:compile - omitted for duplicate)
[INFO] |  |  |  |  +- javax.xml.bind:jaxb-api:jar:2.2.2:compile
[INFO] |  |  |  |  |  +- javax.xml.stream:stax-api:jar:1.0-2:compile
[INFO] |  |  |  |  |  \- (javax.activation:activation:jar:1.1:compile - omitted for conflict with 1.1.1)
[INFO] |  |  |  |  +- (org.apache.commons:commons-compress:jar:1.4.1:compile - omitted for duplicate)
[INFO] |  |  |  |  +- (commons-lang:commons-lang:jar:2.6:compile - omitted for duplicate)
[INFO] |  |  |  |  +- (commons-codec:commons-codec:jar:1.4:compile - omitted for duplicate)
[INFO] |  |  |  |  +- (org.mortbay.jetty:jetty-util:jar:6.1.26:compile - omitted for duplicate)
[INFO] |  |  |  |  +- com.sun.jersey:jersey-core:jar:1.9:compile
[INFO] |  |  |  |  +- com.sun.jersey:jersey-client:jar:1.9:compile
[INFO] |  |  |  |  |  \- (com.sun.jersey:jersey-core:jar:1.9:compile - omitted for duplicate)
[INFO] |  |  |  |  +- (org.codehaus.jackson:jackson-core-asl:jar:1.9.13:compile - omitted for duplicate)
[INFO] |  |  |  |  +- org.codehaus.jackson:jackson-jaxrs:jar:1.9.13:compile
[INFO] |  |  |  |  |  \- (org.codehaus.jackson:jackson-core-asl:jar:1.9.13:compile - omitted for duplicate)
[INFO] |  |  |  |  +- org.codehaus.jackson:jackson-xc:jar:1.9.13:compile
[INFO] |  |  |  |  |  \- (org.codehaus.jackson:jackson-core-asl:jar:1.9.13:compile - omitted for duplicate)
[INFO] |  |  |  |  +- (com.google.guava:guava:jar:11.0.2:compile - omitted for duplicate)
[INFO] |  |  |  |  +- (commons-cli:commons-cli:jar:1.2:compile - omitted for duplicate)
[INFO] |  |  |  |  +- (org.slf4j:slf4j-api:jar:1.7.5:compile - omitted for conflict with 1.7.2)
[INFO] |  |  |  |  +- (com.google.protobuf:protobuf-java:jar:2.5.0:compile - omitted for duplicate)
[INFO] |  |  |  |  +- (commons-io:commons-io:jar:2.4:compile - omitted for duplicate)
[INFO] |  |  |  |  \- (log4j:log4j:jar:1.2.17:compile - omitted for duplicate)
[INFO] |  |  |  +- (com.google.protobuf:protobuf-java:jar:2.5.0:compile - omitted for duplicate)
[INFO] |  |  |  \- (org.slf4j:slf4j-api:jar:1.7.5:compile - omitted for conflict with 1.7.2)
[INFO] |  |  +- org.apache.hadoop:hadoop-mapreduce-client-jobclient:jar:2.6.5:compile
[INFO] |  |  |  +- (org.apache.hadoop:hadoop-mapreduce-client-common:jar:2.6.5:compile - omitted for duplicate)
[INFO] |  |  |  +- (org.apache.hadoop:hadoop-mapreduce-client-shuffle:jar:2.6.5:compile - omitted for duplicate)
[INFO] |  |  |  +- (com.google.protobuf:protobuf-java:jar:2.5.0:compile - omitted for duplicate)
[INFO] |  |  |  \- (org.slf4j:slf4j-api:jar:1.7.5:compile - omitted for conflict with 1.7.2)
[INFO] |  |  \- org.apache.hadoop:hadoop-annotations:jar:2.6.5:compile
[INFO] |  +- org.apache.spark:spark-launcher_2.11:jar:2.2.0:compile
[INFO] |  |  +- (org.apache.spark:spark-tags_2.11:jar:2.2.0:compile - omitted for duplicate)
[INFO] |  |  \- (org.spark-project.spark:unused:jar:1.0.0:compile - omitted for duplicate)
[INFO] |  +- org.apache.spark:spark-network-common_2.11:jar:2.2.0:compile
[INFO] |  |  +- (io.netty:netty-all:jar:4.0.43.Final:compile - omitted for duplicate)
[INFO] |  |  +- (org.apache.commons:commons-lang3:jar:3.5:compile - omitted for duplicate)
[INFO] |  |  +- org.fusesource.leveldbjni:leveldbjni-all:jar:1.8:compile
[INFO] |  |  +- (com.fasterxml.jackson.core:jackson-annotations:jar:2.6.5:compile - omitted for conflict with 2.9.5)
[INFO] |  |  +- (com.google.code.findbugs:jsr305:jar:1.3.9:compile - omitted for duplicate)
[INFO] |  |  +- (org.apache.commons:commons-crypto:jar:1.0.0:compile - omitted for duplicate)
[INFO] |  |  +- (org.apache.spark:spark-tags_2.11:jar:2.2.0:compile - omitted for duplicate)
[INFO] |  |  \- (org.spark-project.spark:unused:jar:1.0.0:compile - omitted for duplicate)
[INFO] |  +- org.apache.spark:spark-network-shuffle_2.11:jar:2.2.0:compile
[INFO] |  |  +- (org.apache.spark:spark-network-common_2.11:jar:2.2.0:compile - omitted for duplicate)
[INFO] |  |  +- (io.dropwizard.metrics:metrics-core:jar:3.1.2:compile - omitted for duplicate)
[INFO] |  |  +- (org.apache.spark:spark-tags_2.11:jar:2.2.0:compile - omitted for duplicate)
[INFO] |  |  \- (org.spark-project.spark:unused:jar:1.0.0:compile - omitted for duplicate)
[INFO] |  +- org.apache.spark:spark-unsafe_2.11:jar:2.2.0:compile
[INFO] |  |  +- (org.apache.spark:spark-tags_2.11:jar:2.2.0:compile - omitted for duplicate)
[INFO] |  |  +- (com.twitter:chill_2.11:jar:0.8.0:compile - omitted for duplicate)
[INFO] |  |  +- (com.google.code.findbugs:jsr305:jar:1.3.9:compile - omitted for duplicate)
[INFO] |  |  \- (org.spark-project.spark:unused:jar:1.0.0:compile - omitted for duplicate)
[INFO] |  +- net.java.dev.jets3t:jets3t:jar:0.9.3:compile
[INFO] |  |  +- org.apache.httpcomponents:httpcore:jar:4.3.3:compile
[INFO] |  |  +- org.apache.httpcomponents:httpclient:jar:4.3.6:compile
[INFO] |  |  |  +- (org.apache.httpcomponents:httpcore:jar:4.3.3:compile - omitted for duplicate)
[INFO] |  |  |  \- (commons-codec:commons-codec:jar:1.6:compile - omitted for conflict with 1.4)
[INFO] |  |  +- commons-codec:commons-codec:jar:1.8:compile
[INFO] |  |  +- (org.codehaus.jackson:jackson-core-asl:jar:1.9.12:compile - omitted for conflict with 1.9.13)
[INFO] |  |  +- (org.codehaus.jackson:jackson-mapper-asl:jar:1.9.12:compile - omitted for conflict with 1.9.13)
[INFO] |  |  +- javax.activation:activation:jar:1.1.1:compile
[INFO] |  |  +- mx4j:mx4j:jar:3.0.2:compile
[INFO] |  |  +- javax.mail:mail:jar:1.4.7:compile
[INFO] |  |  |  \- (javax.activation:activation:jar:1.1:compile - omitted for conflict with 1.1.1)
[INFO] |  |  +- org.bouncycastle:bcprov-jdk15on:jar:1.51:compile
[INFO] |  |  \- com.jamesmurty.utils:java-xmlbuilder:jar:1.0:compile
[INFO] |  |     \- net.iharder:base64:jar:2.3.8:compile
[INFO] |  +- org.apache.curator:curator-recipes:jar:2.6.0:compile
[INFO] |  |  +- org.apache.curator:curator-framework:jar:2.6.0:compile
[INFO] |  |  |  +- (org.apache.curator:curator-client:jar:2.6.0:compile - omitted for duplicate)
[INFO] |  |  |  +- (org.apache.zookeeper:zookeeper:jar:3.4.6:compile - omitted for duplicate)
[INFO] |  |  |  \- (com.google.guava:guava:jar:16.0.1:compile - omitted for conflict with 11.0.2)
[INFO] |  |  +- org.apache.zookeeper:zookeeper:jar:3.4.6:compile
[INFO] |  |  |  +- (org.slf4j:slf4j-api:jar:1.6.1:compile - omitted for conflict with 1.7.2)
[INFO] |  |  |  +- (log4j:log4j:jar:1.2.16:compile - omitted for conflict with 1.2.17)
[INFO] |  |  |  \- (io.netty:netty:jar:3.7.0.Final:compile - omitted for conflict with 3.6.2.Final)
[INFO] |  |  \- com.google.guava:guava:jar:16.0.1:compile
[INFO] |  +- javax.servlet:javax.servlet-api:jar:3.1.0:compile
[INFO] |  +- org.apache.commons:commons-lang3:jar:3.5:compile
[INFO] |  +- org.apache.commons:commons-math3:jar:3.4.1:compile
[INFO] |  +- com.google.code.findbugs:jsr305:jar:1.3.9:compile
[INFO] |  +- (org.slf4j:slf4j-api:jar:1.7.16:compile - omitted for conflict with 1.7.2)
[INFO] |  +- org.slf4j:jul-to-slf4j:jar:1.7.16:compile
[INFO] |  |  \- (org.slf4j:slf4j-api:jar:1.7.16:compile - omitted for conflict with 1.7.2)
[INFO] |  +- org.slf4j:jcl-over-slf4j:jar:1.7.16:compile
[INFO] |  |  \- (org.slf4j:slf4j-api:jar:1.7.16:compile - omitted for conflict with 1.7.2)
[INFO] |  +- log4j:log4j:jar:1.2.17:compile
[INFO] |  +- com.ning:compress-lzf:jar:1.0.3:compile
[INFO] |  +- org.xerial.snappy:snappy-java:jar:1.1.2.6:compile
[INFO] |  +- net.jpountz.lz4:lz4:jar:1.3.0:compile
[INFO] |  +- org.roaringbitmap:RoaringBitmap:jar:0.5.11:compile
[INFO] |  +- commons-net:commons-net:jar:2.2:compile
[INFO] |  +- (org.scala-lang:scala-library:jar:2.11.8:compile - omitted for duplicate)
[INFO] |  +- org.json4s:json4s-jackson_2.11:jar:3.2.11:compile
[INFO] |  |  +- (org.scala-lang:scala-library:jar:2.11.0:compile - omitted for conflict with 2.11.8)
[INFO] |  |  \- org.json4s:json4s-core_2.11:jar:3.2.11:compile
[INFO] |  |     +- (org.scala-lang:scala-library:jar:2.11.0:compile - omitted for conflict with 2.11.8)
[INFO] |  |     +- org.json4s:json4s-ast_2.11:jar:3.2.11:compile
[INFO] |  |     |  \- (org.scala-lang:scala-library:jar:2.11.0:compile - omitted for conflict with 2.11.8)
[INFO] |  |     +- (com.thoughtworks.paranamer:paranamer:jar:2.6:compile - omitted for conflict with 2.3)
[INFO] |  |     \- org.scala-lang:scalap:jar:2.11.0:compile
[INFO] |  |        \- org.scala-lang:scala-compiler:jar:2.11.0:compile
[INFO] |  |           +- (org.scala-lang:scala-library:jar:2.11.0:compile - omitted for conflict with 2.11.8)
[INFO] |  |           +- (org.scala-lang:scala-reflect:jar:2.11.0:compile - omitted for conflict with 2.11.11)
[INFO] |  |           +- org.scala-lang.modules:scala-xml_2.11:jar:1.0.1:compile
[INFO] |  |           |  \- (org.scala-lang:scala-library:jar:2.11.0:compile - omitted for conflict with 2.11.8)
[INFO] |  |           \- org.scala-lang.modules:scala-parser-combinators_2.11:jar:1.0.1:compile
[INFO] |  |              \- (org.scala-lang:scala-library:jar:2.11.0:compile - omitted for conflict with 2.11.8)
[INFO] |  +- org.glassfish.jersey.core:jersey-client:jar:2.22.2:compile
[INFO] |  |  +- javax.ws.rs:javax.ws.rs-api:jar:2.0.1:compile
[INFO] |  |  +- (org.glassfish.jersey.core:jersey-common:jar:2.22.2:compile - omitted for duplicate)
[INFO] |  |  +- org.glassfish.hk2:hk2-api:jar:2.4.0-b34:compile
[INFO] |  |  |  +- org.glassfish.hk2:hk2-utils:jar:2.4.0-b34:compile
[INFO] |  |  |  \- org.glassfish.hk2.external:aopalliance-repackaged:jar:2.4.0-b34:compile
[INFO] |  |  +- org.glassfish.hk2.external:javax.inject:jar:2.4.0-b34:compile
[INFO] |  |  \- org.glassfish.hk2:hk2-locator:jar:2.4.0-b34:compile
[INFO] |  |     +- (org.glassfish.hk2.external:javax.inject:jar:2.4.0-b34:compile - omitted for duplicate)
[INFO] |  |     +- (org.glassfish.hk2.external:aopalliance-repackaged:jar:2.4.0-b34:compile - omitted for duplicate)
[INFO] |  |     +- (org.glassfish.hk2:hk2-api:jar:2.4.0-b34:compile - omitted for duplicate)
[INFO] |  |     +- (org.glassfish.hk2:hk2-utils:jar:2.4.0-b34:compile - omitted for duplicate)
[INFO] |  |     \- org.javassist:javassist:jar:3.18.1-GA:compile
[INFO] |  +- org.glassfish.jersey.core:jersey-common:jar:2.22.2:compile
[INFO] |  |  +- (javax.ws.rs:javax.ws.rs-api:jar:2.0.1:compile - omitted for duplicate)
[INFO] |  |  +- (javax.annotation:javax.annotation-api:jar:1.2:compile - omitted for conflict with 1.3.2)
[INFO] |  |  +- org.glassfish.jersey.bundles.repackaged:jersey-guava:jar:2.22.2:compile
[INFO] |  |  +- (org.glassfish.hk2:hk2-api:jar:2.4.0-b34:compile - omitted for duplicate)
[INFO] |  |  +- (org.glassfish.hk2.external:javax.inject:jar:2.4.0-b34:compile - omitted for duplicate)
[INFO] |  |  +- (org.glassfish.hk2:hk2-locator:jar:2.4.0-b34:compile - omitted for duplicate)
[INFO] |  |  \- org.glassfish.hk2:osgi-resource-locator:jar:1.0.1:compile
[INFO] |  +- org.glassfish.jersey.core:jersey-server:jar:2.22.2:compile
[INFO] |  |  +- (org.glassfish.jersey.core:jersey-common:jar:2.22.2:compile - omitted for duplicate)
[INFO] |  |  +- (org.glassfish.jersey.core:jersey-client:jar:2.22.2:compile - omitted for duplicate)
[INFO] |  |  +- (javax.ws.rs:javax.ws.rs-api:jar:2.0.1:compile - omitted for duplicate)
[INFO] |  |  +- org.glassfish.jersey.media:jersey-media-jaxb:jar:2.22.2:compile
[INFO] |  |  |  +- (org.glassfish.jersey.core:jersey-common:jar:2.22.2:compile - omitted for duplicate)
[INFO] |  |  |  +- (org.glassfish.hk2:hk2-api:jar:2.4.0-b34:compile - omitted for duplicate)
[INFO] |  |  |  +- (org.glassfish.hk2.external:javax.inject:jar:2.4.0-b34:compile - omitted for duplicate)
[INFO] |  |  |  +- (org.glassfish.hk2:hk2-locator:jar:2.4.0-b34:compile - omitted for duplicate)
[INFO] |  |  |  \- (org.glassfish.hk2:osgi-resource-locator:jar:1.0.1:compile - omitted for duplicate)
[INFO] |  |  +- (javax.annotation:javax.annotation-api:jar:1.2:compile - omitted for conflict with 1.3.2)
[INFO] |  |  +- (org.glassfish.hk2:hk2-api:jar:2.4.0-b34:compile - omitted for duplicate)
[INFO] |  |  +- (org.glassfish.hk2.external:javax.inject:jar:2.4.0-b34:compile - omitted for duplicate)
[INFO] |  |  +- (org.glassfish.hk2:hk2-locator:jar:2.4.0-b34:compile - omitted for duplicate)
[INFO] |  |  \- (javax.validation:validation-api:jar:1.1.0.Final:compile - omitted for duplicate)
[INFO] |  +- org.glassfish.jersey.containers:jersey-container-servlet:jar:2.22.2:compile
[INFO] |  |  +- (org.glassfish.jersey.containers:jersey-container-servlet-core:jar:2.22.2:compile - omitted for duplicate)
[INFO] |  |  +- (org.glassfish.jersey.core:jersey-common:jar:2.22.2:compile - omitted for duplicate)
[INFO] |  |  +- (org.glassfish.jersey.core:jersey-server:jar:2.22.2:compile - omitted for duplicate)
[INFO] |  |  \- (javax.ws.rs:javax.ws.rs-api:jar:2.0.1:compile - omitted for duplicate)
[INFO] |  +- org.glassfish.jersey.containers:jersey-container-servlet-core:jar:2.22.2:compile
[INFO] |  |  +- (org.glassfish.hk2.external:javax.inject:jar:2.4.0-b34:compile - omitted for duplicate)
[INFO] |  |  +- (org.glassfish.jersey.core:jersey-common:jar:2.22.2:compile - omitted for duplicate)
[INFO] |  |  +- (org.glassfish.jersey.core:jersey-server:jar:2.22.2:compile - omitted for duplicate)
[INFO] |  |  \- (javax.ws.rs:javax.ws.rs-api:jar:2.0.1:compile - omitted for duplicate)
[INFO] |  +- io.netty:netty-all:jar:4.0.43.Final:compile
[INFO] |  +- io.netty:netty:jar:3.9.9.Final:compile
[INFO] |  +- com.clearspring.analytics:stream:jar:2.7.0:compile
[INFO] |  +- io.dropwizard.metrics:metrics-core:jar:3.1.2:compile
[INFO] |  |  \- (org.slf4j:slf4j-api:jar:1.7.7:compile - omitted for conflict with 1.7.2)
[INFO] |  +- io.dropwizard.metrics:metrics-jvm:jar:3.1.2:compile
[INFO] |  |  +- (io.dropwizard.metrics:metrics-core:jar:3.1.2:compile - omitted for duplicate)
[INFO] |  |  \- (org.slf4j:slf4j-api:jar:1.7.7:compile - omitted for conflict with 1.7.2)
[INFO] |  +- io.dropwizard.metrics:metrics-json:jar:3.1.2:compile
[INFO] |  |  +- (io.dropwizard.metrics:metrics-core:jar:3.1.2:compile - omitted for duplicate)
[INFO] |  |  \- (org.slf4j:slf4j-api:jar:1.7.7:compile - omitted for conflict with 1.7.2)
[INFO] |  +- io.dropwizard.metrics:metrics-graphite:jar:3.1.2:compile
[INFO] |  |  +- (io.dropwizard.metrics:metrics-core:jar:3.1.2:compile - omitted for duplicate)
[INFO] |  |  \- (org.slf4j:slf4j-api:jar:1.7.7:compile - omitted for conflict with 1.7.2)
[INFO] |  +- org.apache.ivy:ivy:jar:2.4.0:compile
[INFO] |  +- oro:oro:jar:2.0.8:compile
[INFO] |  +- net.razorvine:pyrolite:jar:4.13:compile
[INFO] |  +- net.sf.py4j:py4j:jar:0.10.4:compile
[INFO] |  +- org.apache.spark:spark-tags_2.11:jar:2.2.0:compile
[INFO] |  |  +- (org.scala-lang:scala-library:jar:2.11.8:compile - omitted for duplicate)
[INFO] |  |  \- (org.spark-project.spark:unused:jar:1.0.0:compile - omitted for duplicate)
[INFO] |  +- org.apache.commons:commons-crypto:jar:1.0.0:compile
[INFO] |  \- org.spark-project.spark:unused:jar:1.0.0:compile
[INFO] +- com.fasterxml.jackson.module:jackson-module-scala_2.11:jar:2.9.5:compile
[INFO] |  +- (org.scala-lang:scala-library:jar:2.11.11:compile - omitted for conflict with 2.11.8)
[INFO] |  +- org.scala-lang:scala-reflect:jar:2.11.11:compile
[INFO] |  |  \- (org.scala-lang:scala-library:jar:2.11.11:compile - omitted for conflict with 2.11.8)
[INFO] |  +- com.fasterxml.jackson.core:jackson-core:jar:2.9.5:compile
[INFO] |  +- com.fasterxml.jackson.core:jackson-annotations:jar:2.9.5:compile
[INFO] |  +- com.fasterxml.jackson.core:jackson-databind:jar:2.9.5:compile
[INFO] |  |  +- (com.fasterxml.jackson.core:jackson-annotations:jar:2.9.0:compile - omitted for conflict with 2.9.5)
[INFO] |  |  \- (com.fasterxml.jackson.core:jackson-core:jar:2.9.5:compile - omitted for duplicate)
[INFO] |  \- com.fasterxml.jackson.module:jackson-module-paranamer:jar:2.9.5:compile
[INFO] |     +- (com.fasterxml.jackson.core:jackson-databind:jar:2.9.5:compile - omitted for duplicate)
[INFO] |     \- (com.thoughtworks.paranamer:paranamer:jar:2.8:compile - omitted for conflict with 2.3)
[INFO] +- org.apache.spark:spark-sql_2.11:jar:2.2.0:compile
[INFO] |  +- com.univocity:univocity-parsers:jar:2.2.1:compile
[INFO] |  +- org.apache.spark:spark-sketch_2.11:jar:2.2.0:compile
[INFO] |  |  +- (org.apache.spark:spark-tags_2.11:jar:2.2.0:compile - omitted for duplicate)
[INFO] |  |  \- (org.spark-project.spark:unused:jar:1.0.0:compile - omitted for duplicate)
[INFO] |  +- (org.apache.spark:spark-core_2.11:jar:2.2.0:compile - omitted for duplicate)
[INFO] |  +- org.apache.spark:spark-catalyst_2.11:jar:2.2.0:compile
[INFO] |  |  +- (org.scala-lang:scala-reflect:jar:2.11.8:compile - omitted for conflict with 2.11.11)
[INFO] |  |  +- (org.apache.spark:spark-core_2.11:jar:2.2.0:compile - omitted for duplicate)
[INFO] |  |  +- (org.apache.spark:spark-tags_2.11:jar:2.2.0:compile - omitted for duplicate)
[INFO] |  |  +- (org.apache.spark:spark-unsafe_2.11:jar:2.2.0:compile - omitted for duplicate)
[INFO] |  |  +- (org.apache.spark:spark-sketch_2.11:jar:2.2.0:compile - omitted for duplicate)
[INFO] |  |  +- org.codehaus.janino:janino:jar:3.0.0:compile
[INFO] |  |  |  \- (org.codehaus.janino:commons-compiler:jar:3.0.0:compile - omitted for duplicate)
[INFO] |  |  +- org.codehaus.janino:commons-compiler:jar:3.0.0:compile
[INFO] |  |  +- org.antlr:antlr4-runtime:jar:4.5.3:compile
[INFO] |  |  +- (commons-codec:commons-codec:jar:1.10:compile - omitted for conflict with 1.8)
[INFO] |  |  \- (org.spark-project.spark:unused:jar:1.0.0:compile - omitted for duplicate)
[INFO] |  +- (org.apache.spark:spark-tags_2.11:jar:2.2.0:compile - omitted for duplicate)
[INFO] |  +- org.apache.parquet:parquet-column:jar:1.8.2:compile
[INFO] |  |  +- org.apache.parquet:parquet-common:jar:1.8.2:compile
[INFO] |  |  |  \- (org.slf4j:slf4j-api:jar:1.7.5:compile - omitted for conflict with 1.7.2)
[INFO] |  |  +- org.apache.parquet:parquet-encoding:jar:1.8.2:compile
[INFO] |  |  |  +- (org.apache.parquet:parquet-common:jar:1.8.2:compile - omitted for duplicate)
[INFO] |  |  |  \- (commons-codec:commons-codec:jar:1.5:compile - omitted for conflict with 1.8)
[INFO] |  |  \- (commons-codec:commons-codec:jar:1.5:compile - omitted for conflict with 1.8)
[INFO] |  +- org.apache.parquet:parquet-hadoop:jar:1.8.2:compile
[INFO] |  |  +- (org.apache.parquet:parquet-column:jar:1.8.2:compile - omitted for duplicate)
[INFO] |  |  +- org.apache.parquet:parquet-format:jar:2.3.1:compile
[INFO] |  |  +- org.apache.parquet:parquet-jackson:jar:1.8.2:compile
[INFO] |  |  +- (org.codehaus.jackson:jackson-mapper-asl:jar:1.9.11:compile - omitted for conflict with 1.9.13)
[INFO] |  |  +- (org.codehaus.jackson:jackson-core-asl:jar:1.9.11:compile - omitted for conflict with 1.9.13)
[INFO] |  |  \- (org.xerial.snappy:snappy-java:jar:1.1.1.6:compile - omitted for conflict with 1.1.2.6)
[INFO] |  +- (com.fasterxml.jackson.core:jackson-databind:jar:2.6.5:compile - omitted for conflict with 2.9.5)
[INFO] |  +- (org.apache.xbean:xbean-asm5-shaded:jar:4.4:compile - omitted for duplicate)
[INFO] |  \- (org.spark-project.spark:unused:jar:1.0.0:compile - omitted for duplicate)
[INFO] \- org.projectlombok:lombok:jar:1.18.8:compile
[INFO] ------------------------------------------------------------------------
[INFO] BUILD SUCCESS
[INFO] ------------------------------------------------------------------------
[INFO] Total time: 16.831 s
[INFO] Finished at: 2020-02-08T12:32:46+08:00
[INFO] Final Memory: 34M/427M
[INFO] ------------------------------------------------------------------------
